Command line invocation:
    /Applications/Xcode.app/Contents/Developer/usr/bin/xcodebuild -list -project TOTPAuthenticator.xcodeproj

Information about project "TOTPAuthenticator":
    Targets:
        TOTPAuthenticator
        TOTPWatch Watch App

    Build Configurations:
        Debug
        Release

    If no build configuration is specified and -scheme is not passed then "Release" is used.

    Schemes:
        TOTPAuthenticator
        TOTPWatch Watch App

Command line invocation:
    /Applications/Xcode.app/Contents/Developer/usr/bin/xcodebuild -project TOTPAuthenticator.xcodeproj -scheme TOTPAuthenticator -destination "platform=iOS Simulator,name=iPhone 16" -configuration Debug CODE_SIGN_IDENTITY= CODE_SIGNING_REQUIRED=NO build

Build settings from command line:
    CODE_SIGN_IDENTITY = 
    CODE_SIGNING_REQUIRED = NO

note: Using codesigning identity override: 
ComputePackagePrebuildTargetDependencyGraph

Prepare packages

CreateBuildRequest

SendProjectDescription

CreateBuildOperation

ComputeTargetDependencyGraph
note: Building targets in dependency order
note: Target dependency graph (1 target)
    Target 'TOTPAuthenticator' in project 'TOTPAuthenticator' (no dependencies)

GatherProvisioningInputs

CreateBuildDescription

ClangStatCache /Applications/Xcode.app/Contents/Developer/Toolchains/XcodeDefault.xctoolchain/usr/bin/clang-stat-cache /Applications/Xcode.app/Contents/Developer/Platforms/iPhoneSimulator.platform/Developer/SDKs/iPhoneSimulator18.5.sdk /Users/morgan/Library/Developer/Xcode/DerivedData/SDKStatCaches.noindex/iphonesimulator18.5-22F76-d5fc8ad4295d2ef488fb7d0f804ce0c4.sdkstatcache
    cd /Users/morgan/data/src/morganism/totp/app/TOTP2/TOTPAuthenticator.xcodeproj
    /Applications/Xcode.app/Contents/Developer/Toolchains/XcodeDefault.xctoolchain/usr/bin/clang-stat-cache /Applications/Xcode.app/Contents/Developer/Platforms/iPhoneSimulator.platform/Developer/SDKs/iPhoneSimulator18.5.sdk -o /Users/morgan/Library/Developer/Xcode/DerivedData/SDKStatCaches.noindex/iphonesimulator18.5-22F76-d5fc8ad4295d2ef488fb7d0f804ce0c4.sdkstatcache

Copy /Users/morgan/Library/Developer/Xcode/DerivedData/TOTPAuthenticator-ayeggqydlfrhjybyjngafjqmrfkq/Build/Products/Debug-iphonesimulator/TOTPAuthenticator.app/Watch/TOTPWatch\ Watch\ App.app /Users/morgan/Library/Developer/Xcode/DerivedData/TOTPAuthenticator-ayeggqydlfrhjybyjngafjqmrfkq/Build/Products/Debug-watchsimulator/TOTPWatch\ Watch\ App.app (in target 'TOTPAuthenticator' from project 'TOTPAuthenticator')
    cd /Users/morgan/data/src/morganism/totp/app/TOTP2
    builtin-copy -exclude .DS_Store -exclude CVS -exclude .svn -exclude .git -exclude .hg -exclude Headers -exclude PrivateHeaders -exclude Modules -exclude \*.tbd -resolve-src-symlinks -remove-static-executable /Users/morgan/Library/Developer/Xcode/DerivedData/TOTPAuthenticator-ayeggqydlfrhjybyjngafjqmrfkq/Build/Products/Debug-watchsimulator/TOTPWatch\ Watch\ App.app /Users/morgan/Library/Developer/Xcode/DerivedData/TOTPAuthenticator-ayeggqydlfrhjybyjngafjqmrfkq/Build/Products/Debug-iphonesimulator/TOTPAuthenticator.app/Watch
error: lstat(/Users/morgan/Library/Developer/Xcode/DerivedData/TOTPAuthenticator-ayeggqydlfrhjybyjngafjqmrfkq/Build/Products/Debug-watchsimulator/TOTPWatch Watch App.app): No such file or directory (2) (in target 'TOTPAuthenticator' from project 'TOTPAuthenticator')

** BUILD FAILED **


The following build commands failed:
	Copy /Users/morgan/Library/Developer/Xcode/DerivedData/TOTPAuthenticator-ayeggqydlfrhjybyjngafjqmrfkq/Build/Products/Debug-iphonesimulator/TOTPAuthenticator.app/Watch/TOTPWatch\ Watch\ App.app /Users/morgan/Library/Developer/Xcode/DerivedData/TOTPAuthenticator-ayeggqydlfrhjybyjngafjqmrfkq/Build/Products/Debug-watchsimulator/TOTPWatch\ Watch\ App.app (in target 'TOTPAuthenticator' from project 'TOTPAuthenticator')
	Building project TOTPAuthenticator with scheme TOTPAuthenticator and configuration Debug
(2 failures)
Exit: 0
